<?xml version="1.0" encoding="UTF-8"?>
<testng-results skipped="0" failed="1" total="1" passed="0">
  <reporter-output>
  </reporter-output>
  <suite name="Default suite" duration-ms="8518" started-at="2018-10-15T09:37:47Z" finished-at="2018-10-15T09:37:55Z">
    <groups>
    </groups>
    <test name="Default test" duration-ms="8518" started-at="2018-10-15T09:37:47Z" finished-at="2018-10-15T09:37:55Z">
      <class name="pom.emp.frame.Admin">
        <test-method status="PASS" signature="launchbrowser()[pri:0, instance:pom.emp.frame.Admin@3e6fa38a]" name="launchbrowser" is-config="true" duration-ms="8196" started-at="2018-10-15T15:07:47Z" finished-at="2018-10-15T15:07:55Z">
          <reporter-output>
          </reporter-output>
        </test-method> <!-- launchbrowser -->
        <test-method status="PASS" signature="loginTest()[pri:0, instance:pom.emp.frame.Admin@3e6fa38a]" name="loginTest" is-config="true" duration-ms="259" started-at="2018-10-15T15:07:55Z" finished-at="2018-10-15T15:07:55Z">
          <reporter-output>
          </reporter-output>
        </test-method> <!-- loginTest -->
        <test-method status="FAIL" signature="VerifyactionAdminTest()[pri:0, instance:pom.emp.frame.Admin@3e6fa38a]" name="VerifyactionAdminTest" duration-ms="37" started-at="2018-10-15T15:07:55Z" finished-at="2018-10-15T15:07:55Z">
          <exception class="java.lang.AssertionError">
            <message>
              <![CDATA[titel is not matched expected [Insert title here] but found [Apache Tomcat/8.0.36 - Error report]]]>
            </message>
            <full-stacktrace>
              <![CDATA[java.lang.AssertionError: titel is not matched expected [Insert title here] but found [Apache Tomcat/8.0.36 - Error report]
	at org.testng.Assert.fail(Assert.java:94)
	at org.testng.Assert.failNotEquals(Assert.java:494)
	at org.testng.Assert.assertEquals(Assert.java:123)
	at org.testng.Assert.assertEquals(Assert.java:176)
	at pom.emp.frame.Admin.VerifyactionAdminTest(Admin.java:47)
	at sun.reflect.NativeMethodAccessorImpl.invoke0(Native Method)
	at sun.reflect.NativeMethodAccessorImpl.invoke(NativeMethodAccessorImpl.java:62)
	at sun.reflect.DelegatingMethodAccessorImpl.invoke(DelegatingMethodAccessorImpl.java:43)
	at java.lang.reflect.Method.invoke(Method.java:498)
	at org.testng.internal.MethodInvocationHelper.invokeMethod(MethodInvocationHelper.java:80)
	at org.testng.internal.Invoker.invokeMethod(Invoker.java:714)
	at org.testng.internal.Invoker.invokeTestMethod(Invoker.java:901)
	at org.testng.internal.Invoker.invokeTestMethods(Invoker.java:1231)
	at org.testng.internal.TestMethodWorker.invokeTestMethods(TestMethodWorker.java:127)
	at org.testng.internal.TestMethodWorker.run(TestMethodWorker.java:111)
	at org.testng.TestRunner.privateRun(TestRunner.java:767)
	at org.testng.TestRunner.run(TestRunner.java:617)
	at org.testng.SuiteRunner.runTest(SuiteRunner.java:334)
	at org.testng.SuiteRunner.runSequentially(SuiteRunner.java:329)
	at org.testng.SuiteRunner.privateRun(SuiteRunner.java:291)
	at org.testng.SuiteRunner.run(SuiteRunner.java:240)
	at org.testng.SuiteRunnerWorker.runSuite(SuiteRunnerWorker.java:52)
	at org.testng.SuiteRunnerWorker.run(SuiteRunnerWorker.java:86)
	at org.testng.TestNG.runSuitesSequentially(TestNG.java:1198)
	at org.testng.TestNG.runSuitesLocally(TestNG.java:1123)
	at org.testng.TestNG.run(TestNG.java:1031)
	at org.testng.remote.AbstractRemoteTestNG.run(AbstractRemoteTestNG.java:114)
	at org.testng.remote.RemoteTestNG.initAndRun(RemoteTestNG.java:251)
	at org.testng.remote.RemoteTestNG.main(RemoteTestNG.java:77)
]]>
            </full-stacktrace>
          </exception> <!-- java.lang.AssertionError -->
          <reporter-output>
          </reporter-output>
        </test-method> <!-- VerifyactionAdminTest -->
        <test-method status="PASS" signature="logoutTest()[pri:0, instance:pom.emp.frame.Admin@3e6fa38a]" name="logoutTest" is-config="true" duration-ms="1" started-at="2018-10-15T15:07:55Z" finished-at="2018-10-15T15:07:55Z">
          <reporter-output>
          </reporter-output>
        </test-method> <!-- logoutTest -->
        <test-method status="PASS" signature="Closebrowsertest()[pri:0, instance:pom.emp.frame.Admin@3e6fa38a]" name="Closebrowsertest" is-config="true" duration-ms="0" started-at="2018-10-15T15:07:55Z" finished-at="2018-10-15T15:07:55Z">
          <reporter-output>
          </reporter-output>
        </test-method> <!-- Closebrowsertest -->
      </class> <!-- pom.emp.frame.Admin -->
    </test> <!-- Default test -->
  </suite> <!-- Default suite -->
</testng-results>
